-------------------------------------------------------------------------------
Test set: com.ghartmann.AppTest
-------------------------------------------------------------------------------
Tests run: 5, Failures: 0, Errors: 5, Skipped: 0, Time elapsed: 3.372 s <<< FAILURE! - in com.ghartmann.AppTest
loginUserTest(com.ghartmann.AppTest)  Time elapsed: 2.963 s  <<< ERROR!
java.lang.RuntimeException: Erro ao adicionar usuário
	at com.ghartmann.AppTest.registerUser(AppTest.java:75)
	at com.ghartmann.AppTest.loginUserTest(AppTest.java:60)
Caused by: jakarta.persistence.RollbackException: 
Error while committing the transaction [could not execute statement [ERRO: duplicar valor da chave viola a restrição de unicidade "ukglqa04tqqy98861673b38rl16"
  Detalhe: Chave (email)=(testEmail@test.com) já existe.] [insert into USER_TABLE (email,passwordHash,userName,id) values (?,?,?,?)]]
	at com.ghartmann.AppTest.registerUser(AppTest.java:75)
	at com.ghartmann.AppTest.loginUserTest(AppTest.java:60)
Caused by: org.hibernate.exception.ConstraintViolationException: 
could not execute statement [ERRO: duplicar valor da chave viola a restrição de unicidade "ukglqa04tqqy98861673b38rl16"
  Detalhe: Chave (email)=(testEmail@test.com) já existe.] [insert into USER_TABLE (email,passwordHash,userName,id) values (?,?,?,?)]
	at com.ghartmann.AppTest.registerUser(AppTest.java:75)
	at com.ghartmann.AppTest.loginUserTest(AppTest.java:60)
Caused by: org.postgresql.util.PSQLException: 
ERRO: duplicar valor da chave viola a restrição de unicidade "ukglqa04tqqy98861673b38rl16"
  Detalhe: Chave (email)=(testEmail@test.com) já existe.
	at com.ghartmann.AppTest.registerUser(AppTest.java:75)
	at com.ghartmann.AppTest.loginUserTest(AppTest.java:60)

registerUserTest(com.ghartmann.AppTest)  Time elapsed: 0.066 s  <<< ERROR!
java.lang.RuntimeException: Erro ao adicionar usuário
	at com.ghartmann.AppTest.registerUser(AppTest.java:75)
	at com.ghartmann.AppTest.registerUserTest(AppTest.java:22)
Caused by: jakarta.persistence.RollbackException: 
Error while committing the transaction [could not execute statement [ERRO: duplicar valor da chave viola a restrição de unicidade "ukglqa04tqqy98861673b38rl16"
  Detalhe: Chave (email)=(testEmail@test.com) já existe.] [insert into USER_TABLE (email,passwordHash,userName,id) values (?,?,?,?)]]
	at com.ghartmann.AppTest.registerUser(AppTest.java:75)
	at com.ghartmann.AppTest.registerUserTest(AppTest.java:22)
Caused by: org.hibernate.exception.ConstraintViolationException: 
could not execute statement [ERRO: duplicar valor da chave viola a restrição de unicidade "ukglqa04tqqy98861673b38rl16"
  Detalhe: Chave (email)=(testEmail@test.com) já existe.] [insert into USER_TABLE (email,passwordHash,userName,id) values (?,?,?,?)]
	at com.ghartmann.AppTest.registerUser(AppTest.java:75)
	at com.ghartmann.AppTest.registerUserTest(AppTest.java:22)
Caused by: org.postgresql.util.PSQLException: 
ERRO: duplicar valor da chave viola a restrição de unicidade "ukglqa04tqqy98861673b38rl16"
  Detalhe: Chave (email)=(testEmail@test.com) já existe.
	at com.ghartmann.AppTest.registerUser(AppTest.java:75)
	at com.ghartmann.AppTest.registerUserTest(AppTest.java:22)

updateUserTest(com.ghartmann.AppTest)  Time elapsed: 0.066 s  <<< ERROR!
java.lang.RuntimeException: Erro ao adicionar usuário
	at com.ghartmann.AppTest.registerUser(AppTest.java:75)
	at com.ghartmann.AppTest.updateUserTest(AppTest.java:34)
Caused by: jakarta.persistence.RollbackException: 
Error while committing the transaction [could not execute statement [ERRO: duplicar valor da chave viola a restrição de unicidade "ukglqa04tqqy98861673b38rl16"
  Detalhe: Chave (email)=(testEmail@test.com) já existe.] [insert into USER_TABLE (email,passwordHash,userName,id) values (?,?,?,?)]]
	at com.ghartmann.AppTest.registerUser(AppTest.java:75)
	at com.ghartmann.AppTest.updateUserTest(AppTest.java:34)
Caused by: org.hibernate.exception.ConstraintViolationException: 
could not execute statement [ERRO: duplicar valor da chave viola a restrição de unicidade "ukglqa04tqqy98861673b38rl16"
  Detalhe: Chave (email)=(testEmail@test.com) já existe.] [insert into USER_TABLE (email,passwordHash,userName,id) values (?,?,?,?)]
	at com.ghartmann.AppTest.registerUser(AppTest.java:75)
	at com.ghartmann.AppTest.updateUserTest(AppTest.java:34)
Caused by: org.postgresql.util.PSQLException: 
ERRO: duplicar valor da chave viola a restrição de unicidade "ukglqa04tqqy98861673b38rl16"
  Detalhe: Chave (email)=(testEmail@test.com) já existe.
	at com.ghartmann.AppTest.registerUser(AppTest.java:75)
	at com.ghartmann.AppTest.updateUserTest(AppTest.java:34)

deleteUserTest(com.ghartmann.AppTest)  Time elapsed: 0.066 s  <<< ERROR!
java.lang.RuntimeException: Erro ao adicionar usuário
	at com.ghartmann.AppTest.registerUser(AppTest.java:75)
	at com.ghartmann.AppTest.deleteUserTest(AppTest.java:49)
Caused by: jakarta.persistence.RollbackException: 
Error while committing the transaction [could not execute statement [ERRO: duplicar valor da chave viola a restrição de unicidade "ukglqa04tqqy98861673b38rl16"
  Detalhe: Chave (email)=(testEmail@test.com) já existe.] [insert into USER_TABLE (email,passwordHash,userName,id) values (?,?,?,?)]]
	at com.ghartmann.AppTest.registerUser(AppTest.java:75)
	at com.ghartmann.AppTest.deleteUserTest(AppTest.java:49)
Caused by: org.hibernate.exception.ConstraintViolationException: 
could not execute statement [ERRO: duplicar valor da chave viola a restrição de unicidade "ukglqa04tqqy98861673b38rl16"
  Detalhe: Chave (email)=(testEmail@test.com) já existe.] [insert into USER_TABLE (email,passwordHash,userName,id) values (?,?,?,?)]
	at com.ghartmann.AppTest.registerUser(AppTest.java:75)
	at com.ghartmann.AppTest.deleteUserTest(AppTest.java:49)
Caused by: org.postgresql.util.PSQLException: 
ERRO: duplicar valor da chave viola a restrição de unicidade "ukglqa04tqqy98861673b38rl16"
  Detalhe: Chave (email)=(testEmail@test.com) já existe.
	at com.ghartmann.AppTest.registerUser(AppTest.java:75)
	at com.ghartmann.AppTest.deleteUserTest(AppTest.java:49)

getUserByIdTest(com.ghartmann.AppTest)  Time elapsed: 0.066 s  <<< ERROR!
java.lang.RuntimeException: Erro ao adicionar usuário
	at com.ghartmann.AppTest.registerUser(AppTest.java:75)
	at com.ghartmann.AppTest.getUserByIdTest(AppTest.java:27)
Caused by: jakarta.persistence.RollbackException: 
Error while committing the transaction [could not execute statement [ERRO: duplicar valor da chave viola a restrição de unicidade "ukglqa04tqqy98861673b38rl16"
  Detalhe: Chave (email)=(testEmail@test.com) já existe.] [insert into USER_TABLE (email,passwordHash,userName,id) values (?,?,?,?)]]
	at com.ghartmann.AppTest.registerUser(AppTest.java:75)
	at com.ghartmann.AppTest.getUserByIdTest(AppTest.java:27)
Caused by: org.hibernate.exception.ConstraintViolationException: 
could not execute statement [ERRO: duplicar valor da chave viola a restrição de unicidade "ukglqa04tqqy98861673b38rl16"
  Detalhe: Chave (email)=(testEmail@test.com) já existe.] [insert into USER_TABLE (email,passwordHash,userName,id) values (?,?,?,?)]
	at com.ghartmann.AppTest.registerUser(AppTest.java:75)
	at com.ghartmann.AppTest.getUserByIdTest(AppTest.java:27)
Caused by: org.postgresql.util.PSQLException: 
ERRO: duplicar valor da chave viola a restrição de unicidade "ukglqa04tqqy98861673b38rl16"
  Detalhe: Chave (email)=(testEmail@test.com) já existe.
	at com.ghartmann.AppTest.registerUser(AppTest.java:75)
	at com.ghartmann.AppTest.getUserByIdTest(AppTest.java:27)

