<?xml version="1.0" encoding="UTF-8"?>
<testsuite xmlns:xsi="http://www.w3.org/2001/XMLSchema-instance" xsi:noNamespaceSchemaLocation="https://maven.apache.org/surefire/maven-surefire-plugin/xsd/surefire-test-report.xsd" name="com.ghartmann.AppTest" time="3.372" tests="5" errors="5" skipped="0" failures="0">
  <properties>
[...]
</properties>
  <testcase name="loginUserTest" classname="com.ghartmann.AppTest" time="2.963">
    <error message="Erro ao adicionar usuário" type="java.lang.RuntimeException">java.lang.RuntimeException: Erro ao adicionar usuário
	at com.ghartmann.AppTest.registerUser(AppTest.java:75)
	at com.ghartmann.AppTest.loginUserTest(AppTest.java:60)
Caused by: jakarta.persistence.RollbackException: 
Error while committing the transaction [could not execute statement [ERRO: duplicar valor da chave viola a restrição de unicidade "ukglqa04tqqy98861673b38rl16"
  Detalhe: Chave (email)=(testEmail@test.com) já existe.] [insert into USER_TABLE (email,passwordHash,userName,id) values (?,?,?,?)]]
	at com.ghartmann.AppTest.registerUser(AppTest.java:75)
	at com.ghartmann.AppTest.loginUserTest(AppTest.java:60)
Caused by: org.hibernate.exception.ConstraintViolationException: 
could not execute statement [ERRO: duplicar valor da chave viola a restrição de unicidade "ukglqa04tqqy98861673b38rl16"
  Detalhe: Chave (email)=(testEmail@test.com) já existe.] [insert into USER_TABLE (email,passwordHash,userName,id) values (?,?,?,?)]
	at com.ghartmann.AppTest.registerUser(AppTest.java:75)
	at com.ghartmann.AppTest.loginUserTest(AppTest.java:60)
Caused by: org.postgresql.util.PSQLException: 
ERRO: duplicar valor da chave viola a restrição de unicidade "ukglqa04tqqy98861673b38rl16"
  Detalhe: Chave (email)=(testEmail@test.com) já existe.
	at com.ghartmann.AppTest.registerUser(AppTest.java:75)
	at com.ghartmann.AppTest.loginUserTest(AppTest.java:60)
</error>
    <system-out><![CDATA[Standard Commons Logging discovery in action with spring-jcl: please remove commons-logging.jar from classpath in order to avoid potential conflicts
17:00:33.830 [main] INFO org.hibernate.jpa.internal.util.LogHelper -- HHH000204: Processing PersistenceUnitInfo [name: gHartmann]
17:00:34.088 [main] INFO org.hibernate.Version -- HHH000412: Hibernate ORM core version 7.1.0.Final
17:00:34.092 [main] WARN org.hibernate.orm.deprecation -- HHH90000021: Encountered deprecated setting [javax.persistence.jdbc.user], use [jakarta.persistence.jdbc.user] instead
17:00:34.094 [main] WARN org.hibernate.orm.deprecation -- HHH90000021: Encountered deprecated setting [javax.persistence.jdbc.password], use [jakarta.persistence.jdbc.password] instead
17:00:34.094 [main] WARN org.hibernate.orm.deprecation -- HHH90000021: Encountered deprecated setting [javax.persistence.jdbc.url], use [jakarta.persistence.jdbc.url] instead
17:00:34.095 [main] WARN org.hibernate.orm.deprecation -- HHH90000021: Encountered deprecated setting [javax.persistence.jdbc.driver], use [jakarta.persistence.jdbc.driver] instead
17:00:34.501 [main] WARN org.hibernate.orm.connections.pooling -- HHH10001002: Using built-in connection pool (not intended for production use)
17:00:34.841 [main] WARN org.hibernate.orm.deprecation -- HHH90000025: PostgreSQLDialect does not need to be specified explicitly using 'hibernate.dialect' (remove the property setting and it will be selected by default)
17:00:34.869 [main] INFO org.hibernate.orm.connections.pooling -- HHH10001005: Database info:
	Database JDBC URL [jdbc:postgresql://localhost:5432/NoRe]
	Database driver: PostgreSQL JDBC Driver
	Database dialect: PostgreSQLDialect
	Database version: 17.4
	Default catalog/schema: NoRe/public
	Autocommit mode: false
	Isolation level: READ_COMMITTED
	JDBC fetch size: none
	Pool: DriverManagerConnectionProviderImpl
	Minimum pool size: 1
	Maximum pool size: 20
17:00:36.129 [main] INFO org.hibernate.engine.transaction.jta.platform.internal.JtaPlatformInitiator -- HHH000489: No JTA platform available (set 'hibernate.transaction.jta.platform' to enable JTA platform integration)
Hibernate: 
    select
        nextval('user_seq')
Hibernate: 
    insert 
    into
        USER_TABLE
        (email, passwordHash, userName, id) 
    values
        (?, ?, ?, ?)
17:00:36.287 [main] WARN org.hibernate.orm.jdbc.error -- HHH000247: ErrorCode: 0, SQLState: 23505
17:00:36.288 [main] WARN org.hibernate.orm.jdbc.error -- ERRO: duplicar valor da chave viola a restrição de unicidade "ukglqa04tqqy98861673b38rl16"
  Detalhe: Chave (email)=(testEmail@test.com) já existe.
]]></system-out>
  </testcase>
  <testcase name="registerUserTest" classname="com.ghartmann.AppTest" time="0.066">
    <error message="Erro ao adicionar usuário" type="java.lang.RuntimeException">java.lang.RuntimeException: Erro ao adicionar usuário
	at com.ghartmann.AppTest.registerUser(AppTest.java:75)
	at com.ghartmann.AppTest.registerUserTest(AppTest.java:22)
Caused by: jakarta.persistence.RollbackException: 
Error while committing the transaction [could not execute statement [ERRO: duplicar valor da chave viola a restrição de unicidade "ukglqa04tqqy98861673b38rl16"
  Detalhe: Chave (email)=(testEmail@test.com) já existe.] [insert into USER_TABLE (email,passwordHash,userName,id) values (?,?,?,?)]]
	at com.ghartmann.AppTest.registerUser(AppTest.java:75)
	at com.ghartmann.AppTest.registerUserTest(AppTest.java:22)
Caused by: org.hibernate.exception.ConstraintViolationException: 
could not execute statement [ERRO: duplicar valor da chave viola a restrição de unicidade "ukglqa04tqqy98861673b38rl16"
  Detalhe: Chave (email)=(testEmail@test.com) já existe.] [insert into USER_TABLE (email,passwordHash,userName,id) values (?,?,?,?)]
	at com.ghartmann.AppTest.registerUser(AppTest.java:75)
	at com.ghartmann.AppTest.registerUserTest(AppTest.java:22)
Caused by: org.postgresql.util.PSQLException: 
ERRO: duplicar valor da chave viola a restrição de unicidade "ukglqa04tqqy98861673b38rl16"
  Detalhe: Chave (email)=(testEmail@test.com) já existe.
	at com.ghartmann.AppTest.registerUser(AppTest.java:75)
	at com.ghartmann.AppTest.registerUserTest(AppTest.java:22)
</error>
    <system-out><![CDATA[Hibernate: 
    insert 
    into
        USER_TABLE
        (email, passwordHash, userName, id) 
    values
        (?, ?, ?, ?)
17:00:36.372 [main] WARN org.hibernate.orm.jdbc.error -- HHH000247: ErrorCode: 0, SQLState: 23505
17:00:36.372 [main] WARN org.hibernate.orm.jdbc.error -- ERRO: duplicar valor da chave viola a restrição de unicidade "ukglqa04tqqy98861673b38rl16"
  Detalhe: Chave (email)=(testEmail@test.com) já existe.
]]></system-out>
  </testcase>
  <testcase name="updateUserTest" classname="com.ghartmann.AppTest" time="0.066">
    <error message="Erro ao adicionar usuário" type="java.lang.RuntimeException">java.lang.RuntimeException: Erro ao adicionar usuário
	at com.ghartmann.AppTest.registerUser(AppTest.java:75)
	at com.ghartmann.AppTest.updateUserTest(AppTest.java:34)
Caused by: jakarta.persistence.RollbackException: 
Error while committing the transaction [could not execute statement [ERRO: duplicar valor da chave viola a restrição de unicidade "ukglqa04tqqy98861673b38rl16"
  Detalhe: Chave (email)=(testEmail@test.com) já existe.] [insert into USER_TABLE (email,passwordHash,userName,id) values (?,?,?,?)]]
	at com.ghartmann.AppTest.registerUser(AppTest.java:75)
	at com.ghartmann.AppTest.updateUserTest(AppTest.java:34)
Caused by: org.hibernate.exception.ConstraintViolationException: 
could not execute statement [ERRO: duplicar valor da chave viola a restrição de unicidade "ukglqa04tqqy98861673b38rl16"
  Detalhe: Chave (email)=(testEmail@test.com) já existe.] [insert into USER_TABLE (email,passwordHash,userName,id) values (?,?,?,?)]
	at com.ghartmann.AppTest.registerUser(AppTest.java:75)
	at com.ghartmann.AppTest.updateUserTest(AppTest.java:34)
Caused by: org.postgresql.util.PSQLException: 
ERRO: duplicar valor da chave viola a restrição de unicidade "ukglqa04tqqy98861673b38rl16"
  Detalhe: Chave (email)=(testEmail@test.com) já existe.
	at com.ghartmann.AppTest.registerUser(AppTest.java:75)
	at com.ghartmann.AppTest.updateUserTest(AppTest.java:34)
</error>
    <system-out><![CDATA[Hibernate: 
    insert 
    into
        USER_TABLE
        (email, passwordHash, userName, id) 
    values
        (?, ?, ?, ?)
17:00:36.439 [main] WARN org.hibernate.orm.jdbc.error -- HHH000247: ErrorCode: 0, SQLState: 23505
17:00:36.439 [main] WARN org.hibernate.orm.jdbc.error -- ERRO: duplicar valor da chave viola a restrição de unicidade "ukglqa04tqqy98861673b38rl16"
  Detalhe: Chave (email)=(testEmail@test.com) já existe.
]]></system-out>
  </testcase>
  <testcase name="deleteUserTest" classname="com.ghartmann.AppTest" time="0.066">
    <error message="Erro ao adicionar usuário" type="java.lang.RuntimeException">java.lang.RuntimeException: Erro ao adicionar usuário
	at com.ghartmann.AppTest.registerUser(AppTest.java:75)
	at com.ghartmann.AppTest.deleteUserTest(AppTest.java:49)
Caused by: jakarta.persistence.RollbackException: 
Error while committing the transaction [could not execute statement [ERRO: duplicar valor da chave viola a restrição de unicidade "ukglqa04tqqy98861673b38rl16"
  Detalhe: Chave (email)=(testEmail@test.com) já existe.] [insert into USER_TABLE (email,passwordHash,userName,id) values (?,?,?,?)]]
	at com.ghartmann.AppTest.registerUser(AppTest.java:75)
	at com.ghartmann.AppTest.deleteUserTest(AppTest.java:49)
Caused by: org.hibernate.exception.ConstraintViolationException: 
could not execute statement [ERRO: duplicar valor da chave viola a restrição de unicidade "ukglqa04tqqy98861673b38rl16"
  Detalhe: Chave (email)=(testEmail@test.com) já existe.] [insert into USER_TABLE (email,passwordHash,userName,id) values (?,?,?,?)]
	at com.ghartmann.AppTest.registerUser(AppTest.java:75)
	at com.ghartmann.AppTest.deleteUserTest(AppTest.java:49)
Caused by: org.postgresql.util.PSQLException: 
ERRO: duplicar valor da chave viola a restrição de unicidade "ukglqa04tqqy98861673b38rl16"
  Detalhe: Chave (email)=(testEmail@test.com) já existe.
	at com.ghartmann.AppTest.registerUser(AppTest.java:75)
	at com.ghartmann.AppTest.deleteUserTest(AppTest.java:49)
</error>
    <system-out><![CDATA[Hibernate: 
    insert 
    into
        USER_TABLE
        (email, passwordHash, userName, id) 
    values
        (?, ?, ?, ?)
17:00:36.505 [main] WARN org.hibernate.orm.jdbc.error -- HHH000247: ErrorCode: 0, SQLState: 23505
17:00:36.505 [main] WARN org.hibernate.orm.jdbc.error -- ERRO: duplicar valor da chave viola a restrição de unicidade "ukglqa04tqqy98861673b38rl16"
  Detalhe: Chave (email)=(testEmail@test.com) já existe.
]]></system-out>
  </testcase>
  <testcase name="getUserByIdTest" classname="com.ghartmann.AppTest" time="0.066">
    <error message="Erro ao adicionar usuário" type="java.lang.RuntimeException">java.lang.RuntimeException: Erro ao adicionar usuário
	at com.ghartmann.AppTest.registerUser(AppTest.java:75)
	at com.ghartmann.AppTest.getUserByIdTest(AppTest.java:27)
Caused by: jakarta.persistence.RollbackException: 
Error while committing the transaction [could not execute statement [ERRO: duplicar valor da chave viola a restrição de unicidade "ukglqa04tqqy98861673b38rl16"
  Detalhe: Chave (email)=(testEmail@test.com) já existe.] [insert into USER_TABLE (email,passwordHash,userName,id) values (?,?,?,?)]]
	at com.ghartmann.AppTest.registerUser(AppTest.java:75)
	at com.ghartmann.AppTest.getUserByIdTest(AppTest.java:27)
Caused by: org.hibernate.exception.ConstraintViolationException: 
could not execute statement [ERRO: duplicar valor da chave viola a restrição de unicidade "ukglqa04tqqy98861673b38rl16"
  Detalhe: Chave (email)=(testEmail@test.com) já existe.] [insert into USER_TABLE (email,passwordHash,userName,id) values (?,?,?,?)]
	at com.ghartmann.AppTest.registerUser(AppTest.java:75)
	at com.ghartmann.AppTest.getUserByIdTest(AppTest.java:27)
Caused by: org.postgresql.util.PSQLException: 
ERRO: duplicar valor da chave viola a restrição de unicidade "ukglqa04tqqy98861673b38rl16"
  Detalhe: Chave (email)=(testEmail@test.com) já existe.
	at com.ghartmann.AppTest.registerUser(AppTest.java:75)
	at com.ghartmann.AppTest.getUserByIdTest(AppTest.java:27)
</error>
    <system-out><![CDATA[Hibernate: 
    insert 
    into
        USER_TABLE
        (email, passwordHash, userName, id) 
    values
        (?, ?, ?, ?)
17:00:36.571 [main] WARN org.hibernate.orm.jdbc.error -- HHH000247: ErrorCode: 0, SQLState: 23505
17:00:36.571 [main] WARN org.hibernate.orm.jdbc.error -- ERRO: duplicar valor da chave viola a restrição de unicidade "ukglqa04tqqy98861673b38rl16"
  Detalhe: Chave (email)=(testEmail@test.com) já existe.
]]></system-out>
  </testcase>
</testsuite>